# JRE version: Java(TM) SE Runtime Environment (16.0.2+7) (build 16.0.2+7-67)
# Java VM: Java HotSpot(TM) 64-Bit Server VM (16.0.2+7-67, mixed mode, sharing, tiered, compressed oops, compressed class ptrs, g1 gc, windows-amd64)
GC Precious Log:
 CPUs: 4 total, 4 available
 Memory: 8072M
 Large Page Support: Disabled
 NUMA Support: Disabled
 Compressed Oops: Enabled (32-bit)
 Heap Region Size: 1M
 Heap Min Capacity: 8M
 Heap Initial Capacity: 128M
 Heap Max Capacity: 2G
 Pre-touch: Disabled
 Parallel Workers: 4
 Concurrent Workers: 1
 Concurrent Refinement Workers: 4
 Periodic GC: Disabled
Heap:
 garbage-first heap   total 114688K, used 68211K [0x0000000080000000, 0x0000000100000000)
  region size 1024K, 9 young (9216K), 3 survivors (3072K)
 Metaspace       used 70299K, committed 70848K, reserved 1114112K
  class space    used 9409K, committed 9664K, reserved 1048576K
GC Heap History (20 events):
Event: 14.973 GC heap before
{Heap before GC invocations=14 (full 0):
 garbage-first heap   total 89088K, used 46893K [0x0000000080000000, 0x0000000100000000)
  region size 1024K, 15 young (15360K), 4 survivors (4096K)
 Metaspace       used 52143K, committed 52608K, reserved 1097728K
  class space    used 7413K, committed 7616K, reserved 1048576K
}
Event: 14.978 GC heap after
{Heap after GC invocations=15 (full 0):
 garbage-first heap   total 89088K, used 36927K [0x0000000080000000, 0x0000000100000000)
  region size 1024K, 3 young (3072K), 3 survivors (3072K)
 Metaspace       used 52143K, committed 52608K, reserved 1097728K
  class space    used 7413K, committed 7616K, reserved 1048576K
}
Event: 15.006 GC heap before
{Heap before GC invocations=15 (full 0):
 garbage-first heap   total 89088K, used 43071K [0x0000000080000000, 0x0000000100000000)
  region size 1024K, 4 young (4096K), 3 survivors (3072K)
 Metaspace       used 52143K, committed 52608K, reserved 1097728K
  class space    used 7413K, committed 7616K, reserved 1048576K
}
Event: 15.011 GC heap after
{Heap after GC invocations=16 (full 0):
 garbage-first heap   total 89088K, used 43215K [0x0000000080000000, 0x0000000100000000)
  region size 1024K, 2 young (2048K), 2 survivors (2048K)
 Metaspace       used 52143K, committed 52608K, reserved 1097728K
  class space    used 7413K, committed 7616K, reserved 1048576K
}
Event: 15.525 GC heap before
{Heap before GC invocations=17 (full 0):
 garbage-first heap   total 89088K, used 74959K [0x0000000080000000, 0x0000000100000000)
  region size 1024K, 33 young (33792K), 2 survivors (2048K)
 Metaspace       used 52464K, committed 52992K, reserved 1097728K
  class space    used 7421K, committed 7616K, reserved 1048576K
}
Event: 15.543 GC heap after
{Heap after GC invocations=18 (full 0):
 garbage-first heap   total 89088K, used 53576K [0x0000000080000000, 0x0000000100000000)
  region size 1024K, 5 young (5120K), 5 survivors (5120K)
 Metaspace       used 52464K, committed 52992K, reserved 1097728K
  class space    used 7421K, committed 7616K, reserved 1048576K
}
Event: 15.856 GC heap before
{Heap before GC invocations=18 (full 0):
 garbage-first heap   total 89088K, used 69960K [0x0000000080000000, 0x0000000100000000)
  region size 1024K, 22 young (22528K), 5 survivors (5120K)
 Metaspace       used 53584K, committed 54080K, reserved 1097728K
  class space    used 7582K, committed 7808K, reserved 1048576K
}
Event: 15.867 GC heap after
{Heap after GC invocations=19 (full 0):
 garbage-first heap   total 107520K, used 48449K [0x0000000080000000, 0x0000000100000000)
  region size 1024K, 2 young (2048K), 2 survivors (2048K)
 Metaspace       used 53584K, committed 54080K, reserved 1097728K
  class space    used 7582K, committed 7808K, reserved 1048576K
}
Event: 16.316 GC heap before
{Heap before GC invocations=20 (full 0):
 garbage-first heap   total 107520K, used 69953K [0x0000000080000000, 0x0000000100000000)
  region size 1024K, 24 young (24576K), 2 survivors (2048K)
 Metaspace       used 56466K, committed 56960K, reserved 1097728K
  class space    used 7896K, committed 8128K, reserved 1048576K
}
Event: 16.322 GC heap after
{Heap after GC invocations=21 (full 0):
 garbage-first heap   total 107520K, used 49295K [0x0000000080000000, 0x0000000100000000)
  region size 1024K, 3 young (3072K), 3 survivors (3072K)
 Metaspace       used 56466K, committed 56960K, reserved 1097728K
  class space    used 7896K, committed 8128K, reserved 1048576K
}
Event: 16.332 GC heap before
{Heap before GC invocations=21 (full 0):
 garbage-first heap   total 107520K, used 55439K [0x0000000080000000, 0x0000000100000000)
  region size 1024K, 4 young (4096K), 3 survivors (3072K)
 Metaspace       used 56466K, committed 56960K, reserved 1097728K
  class space    used 7896K, committed 8128K, reserved 1048576K
}
Event: 16.335 GC heap after
{Heap after GC invocations=22 (full 0):
 garbage-first heap   total 107520K, used 55662K [0x0000000080000000, 0x0000000100000000)
  region size 1024K, 2 young (2048K), 2 survivors (2048K)
 Metaspace       used 56466K, committed 56960K, reserved 1097728K
  class space    used 7896K, committed 8128K, reserved 1048576K
}
Event: 16.920 GC heap before
{Heap before GC invocations=23 (full 0):
 garbage-first heap   total 107520K, used 86382K [0x0000000080000000, 0x0000000100000000)
  region size 1024K, 31 young (31744K), 2 survivors (2048K)
 Metaspace       used 59370K, committed 59776K, reserved 1105920K
  class space    used 8187K, committed 8384K, reserved 1048576K
}
Event: 16.925 GC heap after
{Heap after GC invocations=24 (full 0):
 garbage-first heap   total 107520K, used 58763K [0x0000000080000000, 0x0000000100000000)
  region size 1024K, 4 young (4096K), 4 survivors (4096K)
 Metaspace       used 59370K, committed 59776K, reserved 1105920K
  class space    used 8187K, committed 8384K, reserved 1048576K
}
Event: 17.311 GC heap before
{Heap before GC invocations=24 (full 0):
 garbage-first heap   total 107520K, used 86411K [0x0000000080000000, 0x0000000100000000)
  region size 1024K, 31 young (31744K), 4 survivors (4096K)
 Metaspace       used 62657K, committed 63168K, reserved 1105920K
  class space    used 8458K, committed 8704K, reserved 1048576K
}
Event: 17.318 GC heap after
{Heap after GC invocations=25 (full 0):
 garbage-first heap   total 107520K, used 61167K [0x0000000080000000, 0x0000000100000000)
  region size 1024K, 3 young (3072K), 3 survivors (3072K)
 Metaspace       used 62657K, committed 63168K, reserved 1105920K
  class space    used 8458K, committed 8704K, reserved 1048576K
}
Event: 17.894 GC heap before
{Heap before GC invocations=26 (full 0):
 garbage-first heap   total 114688K, used 85743K [0x0000000080000000, 0x0000000100000000)
  region size 1024K, 28 young (28672K), 3 survivors (3072K)
 Metaspace       used 65751K, committed 66240K, reserved 1105920K
  class space    used 8831K, committed 9024K, reserved 1048576K
}
Event: 17.900 GC heap after
{Heap after GC invocations=27 (full 0):
 garbage-first heap   total 114688K, used 61289K [0x0000000080000000, 0x0000000100000000)
  region size 1024K, 1 young (1024K), 1 survivors (1024K)
 Metaspace       used 65751K, committed 66240K, reserved 1105920K
  class space    used 8831K, committed 9024K, reserved 1048576K
}
Event: 18.562 GC heap before
{Heap before GC invocations=27 (full 0):
 garbage-first heap   total 114688K, used 93033K [0x0000000080000000, 0x0000000100000000)
  region size 1024K, 32 young (32768K), 1 survivors (1024K)
 Metaspace       used 69696K, committed 70272K, reserved 1114112K
  class space    used 9330K, committed 9600K, reserved 1048576K
}
Event: 18.568 GC heap after
{Heap after GC invocations=28 (full 0):
 garbage-first heap   total 114688K, used 63091K [0x0000000080000000, 0x0000000100000000)
  region size 1024K, 3 young (3072K), 3 survivors (3072K)
 Metaspace       used 69696K, committed 70272K, reserved 1114112K
  class space    used 9330K, committed 9600K, reserved 1048576K
}

